[0m21:30:28.380697 [debug] [MainThread]: Sending event: {'category': 'dbt', 'action': 'invocation', 'label': 'start', 'context': [<snowplow_tracker.self_describing_json.SelfDescribingJson object at 0x000002140D21DFF0>, <snowplow_tracker.self_describing_json.SelfDescribingJson object at 0x000002140F4B0AC0>, <snowplow_tracker.self_describing_json.SelfDescribingJson object at 0x000002140F4B08B0>]}


============================== 21:30:28.387699 | 0385aaba-9be6-4fe5-8dc5-122bc55b81a9 ==============================
[0m21:30:28.387699 [info ] [MainThread]: Running with dbt=1.10.4
[0m21:30:28.388699 [debug] [MainThread]: running dbt with arguments {'printer_width': '80', 'indirect_selection': 'eager', 'write_json': 'True', 'log_cache_events': 'False', 'partial_parse': 'True', 'cache_selected_only': 'False', 'warn_error': 'None', 'debug': 'False', 'version_check': 'True', 'log_path': 'logs', 'fail_fast': 'False', 'profiles_dir': 'C:\\Users\\hp\\.dbt', 'use_colors': 'True', 'use_experimental_parser': 'False', 'empty': 'None', 'quiet': 'False', 'no_print': 'None', 'log_format': 'default', 'static_parser': 'True', 'invocation_command': 'dbt init telegram_dbt', 'introspect': 'True', 'target_path': 'None', 'warn_error_options': 'WarnErrorOptionsV2(error=[], warn=[], silence=[])', 'send_anonymous_usage_stats': 'True'}
[0m21:30:28.424701 [info ] [MainThread]: Creating dbt configuration folder at C:\Users\hp\.dbt
[0m21:30:28.429701 [debug] [MainThread]: Starter project path: C:\Users\hp\AppData\Local\Programs\Python\Python310\lib\site-packages\dbt\include\starter_project
[0m21:30:28.537598 [info ] [MainThread]: 
Your new dbt project "telegram_dbt" was created!

For more information on how to configure the profiles.yml file,
please consult the dbt documentation here:

  https://docs.getdbt.com/docs/configure-your-profile

One more thing:

Need help? Don't hesitate to reach out to us via GitHub issues or on Slack:

  https://community.getdbt.com/

Happy modeling!

[0m21:30:28.538597 [info ] [MainThread]: Setting up your profile.
[0m21:34:01.631233 [info ] [MainThread]: Profile telegram_dbt written to C:\Users\hp\.dbt\profiles.yml using target's profile_template.yml and your supplied values. Run 'dbt debug' to validate the connection.
[0m21:34:01.634233 [debug] [MainThread]: Command `dbt init` succeeded at 21:34:01.633236 after 213.44 seconds
[0m21:34:01.635234 [debug] [MainThread]: Sending event: {'category': 'dbt', 'action': 'invocation', 'label': 'end', 'context': [<snowplow_tracker.self_describing_json.SelfDescribingJson object at 0x000002140D21DFF0>, <snowplow_tracker.self_describing_json.SelfDescribingJson object at 0x000002140F4AEF80>, <snowplow_tracker.self_describing_json.SelfDescribingJson object at 0x000002140F4B07F0>]}
[0m21:34:01.636235 [debug] [MainThread]: Flushing usage events
[0m21:34:02.733317 [debug] [MainThread]: An error was encountered while trying to flush usage events
